0 info it worked if it ends with ok
1 verbose cli [ 'C:\\Program Files\\nodejs\\\\node.exe',
1 verbose cli   'C:\\Program Files\\nodejs\\node_modules\\npm\\bin\\npm-cli.js',
1 verbose cli   'install',
1 verbose cli   'child_process' ]
2 info using npm@1.4.28
3 info using node@v0.10.33
4 verbose node symlink C:\Program Files\nodejs\\node.exe
5 verbose cache add [ 'child_process', null ]
6 verbose cache add name=undefined spec="child_process" args=["child_process",null]
7 verbose parsed url { protocol: null,
7 verbose parsed url   slashes: null,
7 verbose parsed url   auth: null,
7 verbose parsed url   host: null,
7 verbose parsed url   port: null,
7 verbose parsed url   hostname: null,
7 verbose parsed url   hash: null,
7 verbose parsed url   search: null,
7 verbose parsed url   query: null,
7 verbose parsed url   pathname: 'child_process',
7 verbose parsed url   path: 'child_process',
7 verbose parsed url   href: 'child_process' }
8 silly lockFile 4845fa97-child-process child_process
9 verbose lock child_process C:\Users\carbo_000\AppData\Roaming\npm-cache\4845fa97-child-process.lock
10 silly lockFile 4845fa97-child-process child_process
11 silly lockFile 4845fa97-child-process child_process
12 verbose addNamed [ 'child_process', '' ]
13 verbose addNamed [ null, '*' ]
14 silly lockFile 512a7ef6-child-process child_process@
15 verbose lock child_process@ C:\Users\carbo_000\AppData\Roaming\npm-cache\512a7ef6-child-process.lock
16 silly addNameRange { name: 'child_process', range: '*', hasData: false }
17 verbose request where is /child_process
18 verbose request registry https://registry.npmjs.org/
19 verbose request id d340a27c70ddc203
20 verbose url raw /child_process
21 verbose url resolving [ 'https://registry.npmjs.org/', './child_process' ]
22 verbose url resolved https://registry.npmjs.org/child_process
23 verbose request where is https://registry.npmjs.org/child_process
24 info trying registry request attempt 1 at 03:04:52
25 http GET https://registry.npmjs.org/child_process
26 http 404 https://registry.npmjs.org/child_process
27 verbose headers { date: 'Thu, 04 Dec 2014 08:04:53 GMT',
27 verbose headers   server: 'CouchDB/1.5.0 (Erlang OTP/R16B03)',
27 verbose headers   'content-type': 'application/json',
27 verbose headers   'cache-control': 'max-age=0',
27 verbose headers   'content-length': '52',
27 verbose headers   'accept-ranges': 'bytes',
27 verbose headers   via: '1.1 varnish',
27 verbose headers   age: '0',
27 verbose headers   'x-served-by': 'cache-dfw1830-DFW',
27 verbose headers   'x-cache': 'MISS',
27 verbose headers   'x-cache-hits': '0',
27 verbose headers   'x-timer': 'S1417680293.462972,VS0,VE258',
27 verbose headers   'keep-alive': 'timeout=10, max=50',
27 verbose headers   connection: 'Keep-Alive' }
28 silly registry.get cb [ 404,
28 silly registry.get   { date: 'Thu, 04 Dec 2014 08:04:53 GMT',
28 silly registry.get     server: 'CouchDB/1.5.0 (Erlang OTP/R16B03)',
28 silly registry.get     'content-type': 'application/json',
28 silly registry.get     'cache-control': 'max-age=0',
28 silly registry.get     'content-length': '52',
28 silly registry.get     'accept-ranges': 'bytes',
28 silly registry.get     via: '1.1 varnish',
28 silly registry.get     age: '0',
28 silly registry.get     'x-served-by': 'cache-dfw1830-DFW',
28 silly registry.get     'x-cache': 'MISS',
28 silly registry.get     'x-cache-hits': '0',
28 silly registry.get     'x-timer': 'S1417680293.462972,VS0,VE258',
28 silly registry.get     'keep-alive': 'timeout=10, max=50',
28 silly registry.get     connection: 'Keep-Alive' } ]
29 silly lockFile 512a7ef6-child-process child_process@
30 silly lockFile 512a7ef6-child-process child_process@
31 error 404 404 Not Found: child_process
31 error 404
31 error 404 'child_process' is not in the npm registry.
31 error 404 You should bug the author to publish it
31 error 404
31 error 404 Note that you can also install from a
31 error 404 tarball, folder, or http url, or git url.
32 error System Windows_NT 6.2.9200
33 error command "C:\\Program Files\\nodejs\\\\node.exe" "C:\\Program Files\\nodejs\\node_modules\\npm\\bin\\npm-cli.js" "install" "child_process"
34 error cwd C:\Users\carbo_000\Dropbox\hw\FALL 2014\CSCI 3321\snappy\snappy-vm-app
35 error node -v v0.10.33
36 error npm -v 1.4.28
37 error code E404
38 verbose exit [ 1, true ]
